#! /usr/bin/vvp
:ivl_version "10.3 (stable)";
:ivl_delay_selection "TYPICAL";
:vpi_time_precision + 0;
:vpi_module "system";
:vpi_module "vhdl_sys";
:vpi_module "v2005_math";
:vpi_module "va_math";
S_0x5555c976bbd0 .scope module, "fifo_tb" "fifo_tb" 2 1;
 .timescale 0 0;
v0x5555c9785a70_0 .var "clk", 0 0;
v0x5555c9785b30_0 .var "data_in", 7 0;
v0x5555c9785c00_0 .net "data_out", 7 0, v0x5555c9785550_0;  1 drivers
v0x5555c9785d00_0 .var "read_address", 3 0;
v0x5555c9785dd0_0 .var "rst", 0 0;
S_0x5555c976bd50 .scope module, "uut" "fifo" 2 8, 3 1 0, S_0x5555c976bbd0;
 .timescale 0 0;
    .port_info 0 /INPUT 8 "data_in"
    .port_info 1 /INPUT 1 "clk"
    .port_info 2 /INPUT 1 "rst"
    .port_info 3 /INPUT 4 "read_address"
    .port_info 4 /OUTPUT 8 "data_out"
v0x5555c9732030_0 .net "clk", 0 0, v0x5555c9785a70_0;  1 drivers
v0x5555c9785470_0 .net "data_in", 7 0, v0x5555c9785b30_0;  1 drivers
v0x5555c9785550_0 .var "data_out", 7 0;
v0x5555c9785640 .array "fifo", 0 15, 7 0;
v0x5555c9785700_0 .net "read_address", 3 0, v0x5555c9785d00_0;  1 drivers
v0x5555c9785830_0 .net "rst", 0 0, v0x5555c9785dd0_0;  1 drivers
v0x5555c97858f0_0 .var/i "write_address", 31 0;
E_0x5555c9768600 .event posedge, v0x5555c9732030_0;
E_0x5555c97678b0 .event edge, v0x5555c9785700_0;
E_0x5555c97674c0 .event posedge, v0x5555c9785830_0, v0x5555c9732030_0;
E_0x5555c97680a0 .event edge, v0x5555c9785470_0;
    .scope S_0x5555c976bd50;
T_0 ;
    %pushi/vec4 0, 0, 32;
    %store/vec4 v0x5555c97858f0_0, 0, 32;
    %end;
    .thread T_0;
    .scope S_0x5555c976bd50;
T_1 ;
    %wait E_0x5555c97674c0;
    %load/vec4 v0x5555c9785830_0;
    %nor/r;
    %dup/vec4;
    %pushi/vec4 0, 0, 1;
    %cmp/u;
    %jmp/1 T_1.0, 6;
    %dup/vec4;
    %pushi/vec4 1, 0, 1;
    %cmp/u;
    %jmp/1 T_1.1, 6;
    %jmp T_1.2;
T_1.0 ;
    %load/vec4 v0x5555c97858f0_0;
    %cmpi/s 16, 0, 32;
    %flag_get/vec4 5;
    %pushi/vec4 0, 0, 32;
    %load/vec4 v0x5555c97858f0_0;
    %cmp/s;
    %flag_get/vec4 4;
    %flag_get/vec4 5;
    %or;
    %and;
    %flag_set/vec4 8;
    %jmp/0xz  T_1.3, 8;
    %pushi/vec4 0, 0, 8;
    %ix/getv/s 3, v0x5555c97858f0_0;
    %ix/load 4, 0, 0; Constant delay
    %assign/vec4/a/d v0x5555c9785640, 0, 4;
    %load/vec4 v0x5555c97858f0_0;
    %pushi/vec4 1, 0, 32;
    %add;
    %store/vec4 v0x5555c97858f0_0, 0, 32;
    %jmp T_1.4;
T_1.3 ;
    %pushi/vec4 0, 0, 32;
    %store/vec4 v0x5555c97858f0_0, 0, 32;
T_1.4 ;
    %jmp T_1.2;
T_1.1 ;
    %load/vec4 v0x5555c97858f0_0;
    %cmpi/s 16, 0, 32;
    %flag_get/vec4 5;
    %pushi/vec4 0, 0, 32;
    %load/vec4 v0x5555c97858f0_0;
    %cmp/s;
    %flag_get/vec4 4;
    %flag_get/vec4 5;
    %or;
    %and;
    %flag_set/vec4 8;
    %jmp/0xz  T_1.5, 8;
    %load/vec4 v0x5555c9785470_0;
    %ix/getv/s 3, v0x5555c97858f0_0;
    %ix/load 4, 0, 0; Constant delay
    %assign/vec4/a/d v0x5555c9785640, 0, 4;
    %wait E_0x5555c97680a0;
    %load/vec4 v0x5555c97858f0_0;
    %pushi/vec4 1, 0, 32;
    %add;
    %store/vec4 v0x5555c97858f0_0, 0, 32;
    %jmp T_1.6;
T_1.5 ;
    %pushi/vec4 0, 0, 32;
    %store/vec4 v0x5555c97858f0_0, 0, 32;
T_1.6 ;
    %jmp T_1.2;
T_1.2 ;
    %pop/vec4 1;
    %jmp T_1;
    .thread T_1;
    .scope S_0x5555c976bd50;
T_2 ;
    %wait E_0x5555c9768600;
    %load/vec4 v0x5555c9785700_0;
    %cmpi/u 15, 0, 4;
    %flag_get/vec4 4;
    %flag_get/vec4 5;
    %or;
    %pushi/vec4 0, 0, 4;
    %load/vec4 v0x5555c9785700_0;
    %cmp/u;
    %flag_get/vec4 4;
    %flag_get/vec4 5;
    %or;
    %and;
    %flag_set/vec4 8;
    %jmp/0xz  T_2.0, 8;
    %wait E_0x5555c97678b0;
    %load/vec4 v0x5555c9785700_0;
    %pad/u 6;
    %ix/vec4 4;
    %load/vec4a v0x5555c9785640, 4;
    %assign/vec4 v0x5555c9785550_0, 0;
    %jmp T_2.1;
T_2.0 ;
    %vpi_call 3 36 "$display", "default read address to 0 " {0 0 0};
T_2.1 ;
    %jmp T_2;
    .thread T_2;
    .scope S_0x5555c976bbd0;
T_3 ;
    %delay 1, 0;
    %load/vec4 v0x5555c9785a70_0;
    %inv;
    %store/vec4 v0x5555c9785a70_0, 0, 1;
    %jmp T_3;
    .thread T_3;
    .scope S_0x5555c976bbd0;
T_4 ;
    %vpi_call 2 14 "$dumpfile", "fifo.vcd" {0 0 0};
    %vpi_call 2 15 "$dumpvars", 32'sb00000000000000000000000000000000, S_0x5555c976bbd0 {0 0 0};
    %vpi_call 2 16 "$monitor", $time, "  data_in=%d , rst=%b , read_address =%d, data_out = %d", v0x5555c9785b30_0, v0x5555c9785dd0_0, v0x5555c9785d00_0, v0x5555c9785c00_0 {0 0 0};
    %pushi/vec4 0, 0, 1;
    %store/vec4 v0x5555c9785a70_0, 0, 1;
    %pushi/vec4 1, 0, 1;
    %store/vec4 v0x5555c9785dd0_0, 0, 1;
    %delay 5, 0;
    %pushi/vec4 0, 0, 1;
    %store/vec4 v0x5555c9785dd0_0, 0, 1;
    %vpi_func 2 20 "$random" 32 {0 0 0};
    %pad/s 8;
    %store/vec4 v0x5555c9785b30_0, 0, 8;
    %pushi/vec4 1, 0, 4;
    %store/vec4 v0x5555c9785d00_0, 0, 4;
    %delay 5, 0;
    %vpi_func 2 21 "$random" 32 {0 0 0};
    %pad/s 8;
    %store/vec4 v0x5555c9785b30_0, 0, 8;
    %pushi/vec4 1, 0, 4;
    %store/vec4 v0x5555c9785d00_0, 0, 4;
    %delay 5, 0;
    %vpi_func 2 22 "$random" 32 {0 0 0};
    %pad/s 8;
    %store/vec4 v0x5555c9785b30_0, 0, 8;
    %pushi/vec4 2, 0, 4;
    %store/vec4 v0x5555c9785d00_0, 0, 4;
    %delay 5, 0;
    %vpi_func 2 23 "$random" 32 {0 0 0};
    %pad/s 8;
    %store/vec4 v0x5555c9785b30_0, 0, 8;
    %pushi/vec4 3, 0, 4;
    %store/vec4 v0x5555c9785d00_0, 0, 4;
    %delay 5, 0;
    %vpi_func 2 24 "$random" 32 {0 0 0};
    %pad/s 8;
    %store/vec4 v0x5555c9785b30_0, 0, 8;
    %pushi/vec4 4, 0, 4;
    %store/vec4 v0x5555c9785d00_0, 0, 4;
    %delay 5, 0;
    %vpi_func 2 25 "$random" 32 {0 0 0};
    %pad/s 8;
    %store/vec4 v0x5555c9785b30_0, 0, 8;
    %pushi/vec4 5, 0, 4;
    %store/vec4 v0x5555c9785d00_0, 0, 4;
    %delay 5, 0;
    %vpi_func 2 26 "$random" 32 {0 0 0};
    %pad/s 8;
    %store/vec4 v0x5555c9785b30_0, 0, 8;
    %pushi/vec4 6, 0, 4;
    %store/vec4 v0x5555c9785d00_0, 0, 4;
    %delay 5, 0;
    %vpi_func 2 27 "$random" 32 {0 0 0};
    %pad/s 8;
    %store/vec4 v0x5555c9785b30_0, 0, 8;
    %pushi/vec4 7, 0, 4;
    %store/vec4 v0x5555c9785d00_0, 0, 4;
    %delay 5, 0;
    %vpi_func 2 28 "$random" 32 {0 0 0};
    %pad/s 8;
    %store/vec4 v0x5555c9785b30_0, 0, 8;
    %pushi/vec4 7, 0, 4;
    %store/vec4 v0x5555c9785d00_0, 0, 4;
    %delay 5, 0;
    %vpi_func 2 29 "$random" 32 {0 0 0};
    %pad/s 8;
    %store/vec4 v0x5555c9785b30_0, 0, 8;
    %pushi/vec4 8, 0, 4;
    %store/vec4 v0x5555c9785d00_0, 0, 4;
    %delay 5, 0;
    %vpi_func 2 30 "$random" 32 {0 0 0};
    %pad/s 8;
    %store/vec4 v0x5555c9785b30_0, 0, 8;
    %pushi/vec4 9, 0, 4;
    %store/vec4 v0x5555c9785d00_0, 0, 4;
    %delay 5, 0;
    %vpi_func 2 31 "$random" 32 {0 0 0};
    %pad/s 8;
    %store/vec4 v0x5555c9785b30_0, 0, 8;
    %pushi/vec4 10, 0, 4;
    %store/vec4 v0x5555c9785d00_0, 0, 4;
    %vpi_call 2 32 "$finish" {0 0 0};
    %end;
    .thread T_4;
# The file index is used to find the file name in the following table.
:file_names 4;
    "N/A";
    "<interactive>";
    "fifo_tb.v";
    "fifo.v";
